<?xml version="1.0" encoding="UTF-8"?>
<!-- Generated by org.testng.reporters.JUnitReportReporter -->
<testsuite hostname="v2mumlp0462" failures="0" tests="2" name="com.testCases.Log4jDemo" time="19.401" errors="0" timestamp="2022-04-14T18:39:30 IST" skipped="0">
  <testcase classname="com.testCases.Log4jDemo" name="log4jDemo2" time="10.280"/>
  <system-out/>
  <testcase classname="com.testCases.Log4jDemo" name="log4jDemo1" time="9.121"/>
  <system-out/>
</testsuite> <!-- com.testCases.Log4jDemo -->
