<?xml version="1.0" encoding="UTF-8"?>
<!-- Generated by org.testng.reporters.JUnitReportReporter -->
<testsuite hostname="v2mumlp0462" failures="0" tests="1" name="com.testCases.VerifyLoginFunctionality" time="16.352" errors="0" timestamp="2022-04-10T08:42:47 IST" skipped="0">
  <testcase classname="com.testCases.VerifyLoginFunctionality" name="verifyingLoginFunctionality" time="16.352"/>
  <system-out/>
</testsuite> <!-- com.testCases.VerifyLoginFunctionality -->
