<?xml version="1.0" encoding="UTF-8"?>
<!-- Generated by org.testng.reporters.JUnitReportReporter -->
<testsuite hostname="v2mumlp0462" failures="0" tests="1" name="com.testCases.ProductDetailsPageTC" time="19.968" errors="0" timestamp="2022-04-11T12:32:25 IST" skipped="0">
  <testcase classname="com.testCases.ProductDetailsPageTC" name="validatingAddToCart" time="19.968"/>
  <system-out/>
</testsuite> <!-- com.testCases.ProductDetailsPageTC -->
