<?xml version="1.0" encoding="UTF-8"?>
<!-- Generated by org.testng.reporters.JUnitReportReporter -->
<testsuite hostname="v2mumlp0462" failures="0" tests="2" name="com.testCases.ProductSearch" time="26.575" errors="0" timestamp="2022-04-16T09:40:36 IST" skipped="0">
  <testcase classname="com.testCases.ProductSearch" name="searchingProduct" time="14.324"/>
  <system-out/>
  <testcase classname="com.testCases.ProductSearch" name="searchingProduct" time="12.251"/>
  <system-out/>
</testsuite> <!-- com.testCases.ProductSearch -->
