<?xml version="1.0" encoding="UTF-8"?>
<!-- Generated by org.testng.reporters.JUnitReportReporter -->
<testsuite hostname="v2mumlp0462" failures="0" tests="1" name="com.testCases.ShoppingOptions" time="29.145" errors="0" timestamp="2022-04-23T19:59:34 IST" skipped="0">
  <testcase classname="com.testCases.ShoppingOptions" name="selectShoppingOption" time="29.145"/>
  <system-out/>
</testsuite> <!-- com.testCases.ShoppingOptions -->
