<?xml version="1.0" encoding="UTF-8"?>
<!-- Generated by org.testng.reporters.JUnitReportReporter -->
<testsuite hostname="v2mumlp0462" failures="0" tests="1" name="com.testCases.EndToEndTC" time="61.296" errors="0" timestamp="2022-04-24T09:52:30 IST" skipped="0">
  <testcase classname="com.testCases.EndToEndTC" name="verifyingEndToEndScenario" time="61.296"/>
  <system-out/>
</testsuite> <!-- com.testCases.EndToEndTC -->
