<?xml version="1.0" encoding="UTF-8"?>
<!-- Generated by org.testng.reporters.JUnitReportReporter -->
<testsuite hostname="v2mumlp0462" failures="0" tests="3" name="com.testCases.VerifyWebSiteLogoAndTitle" time="46.955" errors="0" timestamp="2022-04-09T13:40:53 IST" skipped="0">
  <testcase classname="com.testCases.VerifyWebSiteLogoAndTitle" name="verifyingWebSiteLogo" time="10.416"/>
  <system-out/>
  <testcase classname="com.testCases.VerifyWebSiteLogoAndTitle" name="verifyingWebSiteTitle" time="11.793"/>
  <system-out/>
  <testcase classname="com.testCases.VerifyWebSiteLogoAndTitle" name="clickOnSigninBtnInIndexPage" time="24.746"/>
  <system-out/>
</testsuite> <!-- com.testCases.VerifyWebSiteLogoAndTitle -->
