<?xml version="1.0" encoding="UTF-8"?>
<!-- Generated by org.testng.reporters.JUnitReportReporter -->
<testsuite hostname="v2mumlp0462" failures="0" tests="2" name="com.testCases.VerifyWebSiteLogo" time="5.029" errors="0" timestamp="2022-04-09T00:31:26 IST" skipped="0">
  <testcase classname="com.testCases.VerifyWebSiteLogo" name="verifyingWebSiteLogo" time="2.999"/>
  <system-out/>
  <testcase classname="com.testCases.VerifyWebSiteLogo" name="verifyingWebSiteLogo1" time="2.030"/>
  <system-out/>
</testsuite> <!-- com.testCases.VerifyWebSiteLogo -->
