<?xml version="1.0" encoding="UTF-8"?>
<!-- Generated by org.testng.reporters.JUnitReportReporter -->
<testsuite hostname="v2mumlp0462" failures="0" tests="1" name="com.BaseClass.BaseClass" time="12.045" errors="0" timestamp="2022-04-08T22:45:20 IST" skipped="0">
  <testcase classname="com.BaseClass.BaseClass" name="printme" time="12.045"/>
  <system-out/>
</testsuite> <!-- com.BaseClass.BaseClass -->
