<?xml version="1.0" encoding="UTF-8"?>
<!-- Generated by org.testng.reporters.JUnitReportReporter -->
<testsuite hostname="v2mumlp0462" failures="0" tests="1" name="com.testCases.VerifyingSignOutFuctionality" time="31.629" errors="0" timestamp="2022-04-23T00:00:19 IST" skipped="0">
  <testcase classname="com.testCases.VerifyingSignOutFuctionality" name="verifyingsignOutFuctionality" time="31.629"/>
  <system-out/>
</testsuite> <!-- com.testCases.VerifyingSignOutFuctionality -->
