<?xml version="1.0" encoding="UTF-8"?>
<!-- Generated by org.testng.reporters.JUnitReportReporter -->
<testsuite hostname="v2mumlp0462" failures="0" tests="1" name="com.testCases.MousueHoveringOnProducts" time="48.219" errors="0" timestamp="2022-04-23T08:29:10 IST" skipped="0">
  <testcase classname="com.testCases.MousueHoveringOnProducts" name="mouseHoveringOnPopularProducts" time="48.219"/>
  <system-out/>
</testsuite> <!-- com.testCases.MousueHoveringOnProducts -->
